\BOOKMARK [1][-]{section.1}{Term Document Matrix}{}% 1
\BOOKMARK [2][-]{subsection.1.1}{Answer}{section.1}% 2
\BOOKMARK [1][-]{section.2}{Mining Steps}{}% 3
\BOOKMARK [2][-]{subsection.2.1}{A}{section.2}% 4
\BOOKMARK [3][-]{subsubsection.2.1.1}{Use}{subsection.2.1}% 5
\BOOKMARK [3][-]{subsubsection.2.1.2}{Data Lost}{subsection.2.1}% 6
\BOOKMARK [2][-]{subsection.2.2}{B}{section.2}% 7
\BOOKMARK [3][-]{subsubsection.2.2.1}{Use}{subsection.2.2}% 8
\BOOKMARK [3][-]{subsubsection.2.2.2}{Data Lost}{subsection.2.2}% 9
\BOOKMARK [2][-]{subsection.2.3}{C}{section.2}% 10
\BOOKMARK [3][-]{subsubsection.2.3.1}{Use}{subsection.2.3}% 11
\BOOKMARK [3][-]{subsubsection.2.3.2}{Data Lost}{subsection.2.3}% 12
\BOOKMARK [2][-]{subsection.2.4}{D}{section.2}% 13
\BOOKMARK [3][-]{subsubsection.2.4.1}{Use}{subsection.2.4}% 14
\BOOKMARK [3][-]{subsubsection.2.4.2}{Data Lost}{subsection.2.4}% 15
\BOOKMARK [2][-]{subsection.2.5}{E}{section.2}% 16
\BOOKMARK [3][-]{subsubsection.2.5.1}{Use}{subsection.2.5}% 17
\BOOKMARK [3][-]{subsubsection.2.5.2}{Data Lost}{subsection.2.5}% 18
\BOOKMARK [2][-]{subsection.2.6}{F}{section.2}% 19
\BOOKMARK [3][-]{subsubsection.2.6.1}{Use}{subsection.2.6}% 20
\BOOKMARK [3][-]{subsubsection.2.6.2}{Data Lost}{subsection.2.6}% 21
\BOOKMARK [2][-]{subsection.2.7}{G}{section.2}% 22
\BOOKMARK [3][-]{subsubsection.2.7.1}{Use}{subsection.2.7}% 23
\BOOKMARK [3][-]{subsubsection.2.7.2}{Data Lost}{subsection.2.7}% 24
\BOOKMARK [1][-]{section.3}{TDM}{}% 25
